Case #1: 2 3 4 6 
Case #2: 222 
Case #3: 7 9 14 14 
Case #4: 3 8 10 12 13 14 22 22 23 23 24 24 25 25 26 27 27 28 28 29 29 30 30 31 31 32 
Case #5: 5 7 13 15 20 22 26 28 31 32 33 33 34 35 37 40 41 42 55 58 
Case #6: 1 2 3 3 5 6 6 7 7 8 9 9 11 14 15 17 18 20 21 21 22 22 23 24 24 32 33 35 36 37 37 38 39 39 40 41 42 42 44 45 46 47 48 49 49 50 50 54 57 57 59 59 60 60 61 62 62 64 
Case #7: 2 3 4 5 6 7 8 11 12 17 18 19 19 20 21 22 23 24 24 25 26 27 28 29 30 30 35 39 42 44 45 46 51 52 63 
Case #8: 3 4 5 6 6 7 8 8 8 9 9 10 10 11 11 11 11 12 12 12 12 13 13 13 14 14 15 16 17 17 18 18 19 20 20 22 22 24 26 27 31 32 32 33 35 36 37 39 47 48 51 53 54 55 56 56 58 63 64 
Case #9: 3 4 4 4 5 6 7 8 8 9 9 9 11 12 13 13 14 15 16 18 18 18 18 20 21 21 23 24 24 28 
Case #10: 1 2 2 3 4 4 4 6 6 7 7 8 9 9 9 10 10 10 10 11 11 11 12 12 12 13 15 16 16 17 17 18 18 19 
Case #11: 1 2 2 3 4 4 4 5 5 5 5 6 6 6 7 7 8 8 9 9 9 9 10 10 10 10 10 11 12 12 12 12 13 13 13 13 14 14 14 15 17 17 18 18 19 
Case #12: 2 4 5 8 9 10 11 11 11 12 13 14 21 29 30 31 33 34 35 35 42 49 
Case #13: 10 16 18 19 20 21 23 24 24 25 26 27 28 31 37 38 38 39 40 41 42 45 
Case #14: 1 2 4 6 8 10 11 12 13 14 15 16 18 20 22 23 25 27 29 30 32 34 36 37 39 41 43 43 44 45 46 46 47 48 48 49 
Case #15: 2 3 4 4 5 6 7 8 9 9 11 12 
Case #16: 1 2 2 5 6 6 7 7 7 8 8 10 11 12 13 
Case #17: 3 5 13 15 23 25 33 35 43 45 53 55 63 65 73 75 83 85 93 95 
Case #18: 2 3 5 6 7 7 8 8 9 9 10 11 11 12 13 15 16 17 17 18 18 19 19 20 21 21 22 23 25 26 27 27 28 28 29 29 30 41 47 48 49 51 57 58 59 61 67 68 69 71 71 72 73 75 76 77 77 79 79 80 81 81 82 83 85 86 87 87 88 88 90 91 91 92 93 95 96 97 97 98 98 99 99 100 
Case #19: 16 20 26 30 36 40 42 43 44 45 46 46 47 48 49 50 50 52 53 54 55 57 58 59 60 60 66 70 76 80 86 90 96 100 
Case #20: 2 3 4 5 5 6 9 10 11 14 24 31 32 33 35 36 37 38 39 40 44 54 61 62 63 64 65 66 67 68 69 70 74 84 94 
Case #21: 2 3 4 5 10 
Case #22: 2 4 
Case #23: 4 6 10 10 12 
Case #24: 2 2 4 4 5 6 7 8 9 10 13 13 14 14 15 
Case #25: 9 12 13 15 17 18 19 21 22 24 25 25 26 26 27 27 28 31 32 33 
Case #26: 4 6 9 12 13 14 16 17 18 19 20 21 21 22 22 26 29 32 33 36 
Case #27: 2 3 4 4 6 7 7 8 8 10 10 10 11 11 11 12 12 12 12 13 13 13 13 14 14 14 14 15 16 16 16 16 16 17 18 18 18 19 19 19 19 20 21 22 23 23 28 28 30 30 32 34 
Case #28: 2 3 3 5 5 6 6 7 8 8 9 9 9 10 11 12 14 14 14 16 16 17 17 18 18 18 19 19 20 20 21 22 22 22 23 23 24 25 25 26 26 28 28 
Case #29: 3 4 6 7 8 9 
Case #30: 1 2 2 3 4 5 6 6 7 7 7 8 9 9 9 10 10 10 10 11 11 11 11 11 12 12 12 12 12 12 12 13 13 13 13 14 14 14 14 14 15 15 15 15 16 16 16 17 17 17 17 18 18 19 20 20 21 24 24 25 
Case #31: 2 2 3 3 3 5 5 6 6 7 7 8 8 8 8 8 9 9 9 9 10 10 10 10 10 11 11 11 12 13 13 13 14 14 14 14 14 14 14 15 15 15 15 16 17 17 17 17 18 18 19 19 19 20 20 21 22 22 23 23 23 24 25 25 26 26 29 
Case #32: 2 35 35 41 41 46 48 48 49 49 60 60 61 61 63 70 70 82 86 86 86 86 93 93 102 102 105 111 111 118 119 119 125 125 125 128 128 129 129 131 131 133 136 136 139 139 153 153 156 156 157 162 162 166 176 191 192 203 203 204 212 212 237 
Case #33: 4 
Case #34: 3 8 12 12 13 14 20 
Case #35: 3 4 5 
Case #36: 3 6 6 7 9 10 11 12 12 13 14 16 16 18 
Case #37: 2 3 3 4 4 7 8 8 9 10 10 11 11 11 11 12 12 12 12 13 13 13 13 13 14 14 15 15 15 16 16 17 17 17 18 18 19 19 19 19 20 20 20 21 21 21 21 22 22 22 23 23 23 23 23 24 25 26 26 27 27 28 29 30 30 30 30 31 31 31 31 32 32 33 33 34 36 37 38 38 38 39 40 40 41 42 42 46 
Case #38: 4 6 8 
Case #39: 3 8 9 9 10 11 13 13 14 15 15 16 17 17 18 20 20 20 21 21 23 23 24 24 24 24 26 26 27 27 29 29 29 31 31 31 33 33 34 34 39 42 42 52 53 
Case #40: 65 76 84 98 99 108 119 141 151 159 190 201 205 206 208 217 224 229 236 246 
Case #41: 10 10 22 24 35 35 36 36 40 40 40 43 44 44 45 45 52 53 61 65 73 74 76 79 81 81 86 87 87 88 90 90 92 96 96 97 101 101 102 102 103 103 108 113 117 117 120 127 132 132 134 134 136 136 137 137 137 137 142 144 144 144 147 147 157 161 161 169 169 174 174 179 179 184 186 186 188 191 199 201 208 208 208 211 213 216 216 222 229 230 230 235 235 236 246 259 260 260 265 265 267 268 274 281 281 294 294 
Case #42: 8 9 12 15 18 19 20 20 22 23 24 25 25 26 27 29 30 30 31 32 33 34 34 34 35 35 38 40 52 61 79 84 86 92 98 113 119 120 127 141 142 144 157 168 184 188 199 206 224 259 268 274 
Case #43: 3 5 7 9 12 13 15 15 18 21 22 24 27 29 31 32 
Case #44: 7 8 14 17 19 21 22 22 24 27 27 29 31 32 36 38 
Case #45: 2 4 5 6 7 8 9 10 11 11 11 12 12 14 14 14 15 15 15 17 17 17 17 18 18 18 19 19 20 20 21 22 22 22 24 24 25 25 26 27 28 28 29 30 31 33 34 36 
Case #46: 4 5 7 8 10 13 14 18 24 28 
Case #47: 8 10 18 20 20 24 24 25 28 30 
Case #48: 4 5 6 7 7 9 9 10 10 11 11 12 12 14 15 15 15 15 18 19 19 19 19 20 20 22 24 24 27 28 31 33 33 34 35 35 38 39 43 43 44 45 46 48 48 50 54 64 66 67 71 
Case #49: 15 23 24 27 28 29 29 31 34 36 38 38 39 40 41 43 43 45 45 46 46 46 50 50 50 50 50 51 51 54 54 55 57 58 61 61 66 67 71 
Case #50: 7 12 14 15 15 16 16 16 17 18 18 19 20 20 21 21 23 24 24 25 25 25 25 27 27 28 28 29 29 30 32 33 34 34 35 36 36 37 37 37 38 39 39 40 41 44 45 46 
